[22-Jan-2025 20:39:46 UTC] PHP Fatal error:  Uncaught ArgumentCountError: Too few arguments to function add_action(), 0 passed in C:\Users\link_\Local Sites\winter-2025\app\public\wp-content\themes\myfirstcustomtheme\functions.php on line 9 and at least 2 expected in C:\Users\link_\Local Sites\winter-2025\app\public\wp-includes\plugin.php:441
Stack trace:
#0 C:\Users\link_\Local Sites\winter-2025\app\public\wp-content\themes\myfirstcustomtheme\functions.php(9): add_action()
#1 C:\Users\link_\Local Sites\winter-2025\app\public\wp-settings.php(672): include('C:\\Users\\link_\\...')
#2 C:\Users\link_\Local Sites\winter-2025\app\public\wp-config.php(103): require_once('C:\\Users\\link_\\...')
#3 C:\Users\link_\Local Sites\winter-2025\app\public\wp-load.php(50): require_once('C:\\Users\\link_\\...')
#4 C:\Users\link_\Local Sites\winter-2025\app\public\wp-admin\admin-ajax.php(22): require_once('C:\\Users\\link_\\...')
#5 {main}
  thrown in C:\Users\link_\Local Sites\winter-2025\app\public\wp-includes\plugin.php on line 441
[22-Jan-2025 21:00:14 UTC] PHP Warning:  Trying to access array offset on value of type bool in C:\Users\link_\Local Sites\winter-2025\app\public\wp-content\themes\myfirstcustomtheme\index.php on line 12
[22-Jan-2025 21:10:55 UTC] PHP Warning:  Trying to access array offset on value of type bool in C:\Users\link_\Local Sites\winter-2025\app\public\wp-content\themes\myfirstcustomtheme\index.php on line 12
[22-Jan-2025 21:12:20 UTC] PHP Warning:  Trying to access array offset on value of type bool in C:\Users\link_\Local Sites\winter-2025\app\public\wp-content\themes\myfirstcustomtheme\index.php on line 12
[22-Jan-2025 21:31:58 UTC] PHP Warning:  Trying to access array offset on value of type bool in C:\Users\link_\Local Sites\winter-2025\app\public\wp-content\themes\myfirstcustomtheme\index.php on line 12
[29-Jan-2025 17:40:21 UTC] PHP Warning:  Trying to access array offset on value of type bool in C:\Users\link_\Local Sites\winter-2025\app\public\wp-content\themes\myfirstcustomtheme\index.php on line 12
[29-Jan-2025 18:06:21 UTC] PHP Warning:  Trying to access array offset on value of type bool in C:\Users\link_\Local Sites\winter-2025\app\public\wp-content\themes\myfirstcustomtheme\index.php on line 12
[29-Jan-2025 18:13:00 UTC] PHP Warning:  Trying to access array offset on value of type bool in C:\Users\link_\Local Sites\winter-2025\app\public\wp-content\themes\myfirstcustomtheme\index.php on line 12
[29-Jan-2025 18:14:30 UTC] PHP Warning:  Trying to access array offset on value of type bool in C:\Users\link_\Local Sites\winter-2025\app\public\wp-content\themes\myfirstcustomtheme\index.php on line 12
[29-Jan-2025 18:25:13 UTC] PHP Warning:  Trying to access array offset on value of type bool in C:\Users\link_\Local Sites\winter-2025\app\public\wp-content\themes\myfirstcustomtheme\index.php on line 12
[29-Jan-2025 18:36:19 UTC] PHP Warning:  Trying to access array offset on value of type bool in C:\Users\link_\Local Sites\winter-2025\app\public\wp-content\themes\myfirstcustomtheme\index.php on line 12
[29-Jan-2025 18:36:37 UTC] PHP Warning:  Trying to access array offset on value of type bool in C:\Users\link_\Local Sites\winter-2025\app\public\wp-content\themes\myfirstcustomtheme\index.php on line 12
[31-Jan-2025 17:32:38 UTC] PHP Warning:  Trying to access array offset on value of type bool in C:\Users\link_\Local Sites\winter-2025\app\public\wp-content\themes\myfirstcustomtheme\index.php on line 12
[31-Jan-2025 17:32:44 UTC] PHP Warning:  Trying to access array offset on value of type bool in C:\Users\link_\Local Sites\winter-2025\app\public\wp-content\themes\myfirstcustomtheme\index.php on line 12
[31-Jan-2025 17:53:08 UTC] PHP Warning:  Trying to access array offset on value of type bool in C:\Users\link_\Local Sites\winter-2025\app\public\wp-content\themes\myfirstcustomtheme\index.php on line 12
[06-Feb-2025 01:41:45 UTC] PHP Parse error:  syntax error, unexpected token ";", expecting "(" in C:\Users\link_\Local Sites\winter-2025\app\public\wp-content\themes\myfirstcustomtheme\functions.php on line 15
[06-Feb-2025 01:41:45 UTC] PHP Warning:  Trying to access array offset on value of type bool in C:\Users\link_\Local Sites\winter-2025\app\public\wp-includes\class-wp-recovery-mode-email-service.php on line 367
[06-Feb-2025 01:41:45 UTC] PHP Warning:  Trying to access array offset on value of type bool in C:\Users\link_\Local Sites\winter-2025\app\public\wp-includes\class-wp-recovery-mode-email-service.php on line 368
[06-Feb-2025 01:43:46 UTC] PHP Parse error:  syntax error, unexpected token ")" in C:\Users\link_\Local Sites\winter-2025\app\public\wp-content\themes\myfirstcustomtheme\functions.php on line 17
[06-Feb-2025 01:45:47 UTC] PHP Parse error:  syntax error, unexpected string content "cmsclass)", expecting ")" in C:\Users\link_\Local Sites\winter-2025\app\public\wp-content\themes\myfirstcustomtheme\functions.php on line 17
[06-Feb-2025 02:40:24 UTC] PHP Parse error:  syntax error, unexpected token "}" in C:\Users\link_\Local Sites\winter-2025\app\public\wp-content\themes\myfirstcustomtheme\functions.php on line 79
[06-Feb-2025 02:42:25 UTC] PHP Parse error:  syntax error, unexpected token "while" in C:\Users\link_\Local Sites\winter-2025\app\public\wp-content\themes\myfirstcustomtheme\functions.php on line 79
[06-Feb-2025 02:44:26 UTC] PHP Parse error:  syntax error, unexpected token "while" in C:\Users\link_\Local Sites\winter-2025\app\public\wp-content\themes\myfirstcustomtheme\functions.php on line 79
[06-Feb-2025 02:46:27 UTC] PHP Parse error:  syntax error, unexpected token "while" in C:\Users\link_\Local Sites\winter-2025\app\public\wp-content\themes\myfirstcustomtheme\functions.php on line 79
[06-Feb-2025 02:48:28 UTC] PHP Parse error:  syntax error, unexpected token "while" in C:\Users\link_\Local Sites\winter-2025\app\public\wp-content\themes\myfirstcustomtheme\functions.php on line 79
[06-Feb-2025 02:50:29 UTC] PHP Parse error:  syntax error, unexpected token "while" in C:\Users\link_\Local Sites\winter-2025\app\public\wp-content\themes\myfirstcustomtheme\functions.php on line 79
[06-Feb-2025 02:52:30 UTC] PHP Parse error:  syntax error, unexpected token "while" in C:\Users\link_\Local Sites\winter-2025\app\public\wp-content\themes\myfirstcustomtheme\functions.php on line 79
[06-Feb-2025 02:54:31 UTC] PHP Parse error:  syntax error, unexpected token "while" in C:\Users\link_\Local Sites\winter-2025\app\public\wp-content\themes\myfirstcustomtheme\functions.php on line 79
[06-Feb-2025 02:55:32 UTC] PHP Parse error:  syntax error, unexpected token "while" in C:\Users\link_\Local Sites\winter-2025\app\public\wp-content\themes\myfirstcustomtheme\functions.php on line 79
[06-Feb-2025 02:56:24 UTC] PHP Parse error:  syntax error, unexpected token "while" in C:\Users\link_\Local Sites\winter-2025\app\public\wp-content\themes\myfirstcustomtheme\functions.php on line 79
[06-Feb-2025 02:56:24 UTC] PHP Parse error:  syntax error, unexpected token "while" in C:\Users\link_\Local Sites\winter-2025\app\public\wp-content\themes\myfirstcustomtheme\functions.php on line 79
[06-Feb-2025 02:56:33 UTC] PHP Parse error:  syntax error, unexpected token "while" in C:\Users\link_\Local Sites\winter-2025\app\public\wp-content\themes\myfirstcustomtheme\functions.php on line 79
[06-Feb-2025 02:57:55 UTC] PHP Parse error:  syntax error, unexpected token "while" in C:\Users\link_\Local Sites\winter-2025\app\public\wp-content\themes\myfirstcustomtheme\functions.php on line 79
[06-Feb-2025 02:57:56 UTC] PHP Parse error:  syntax error, unexpected token "while" in C:\Users\link_\Local Sites\winter-2025\app\public\wp-content\themes\myfirstcustomtheme\functions.php on line 79
[06-Feb-2025 02:58:34 UTC] PHP Parse error:  syntax error, unexpected token "while" in C:\Users\link_\Local Sites\winter-2025\app\public\wp-content\themes\myfirstcustomtheme\functions.php on line 79
[06-Feb-2025 03:00:35 UTC] PHP Parse error:  syntax error, unexpected token "while" in C:\Users\link_\Local Sites\winter-2025\app\public\wp-content\themes\myfirstcustomtheme\functions.php on line 79
[06-Feb-2025 03:01:58 UTC] PHP Parse error:  syntax error, unexpected token "while" in C:\Users\link_\Local Sites\winter-2025\app\public\wp-content\themes\myfirstcustomtheme\functions.php on line 79
[06-Feb-2025 03:01:58 UTC] PHP Parse error:  syntax error, unexpected token "while" in C:\Users\link_\Local Sites\winter-2025\app\public\wp-content\themes\myfirstcustomtheme\functions.php on line 79
[06-Feb-2025 03:02:02 UTC] PHP Parse error:  syntax error, unexpected token "while" in C:\Users\link_\Local Sites\winter-2025\app\public\wp-content\themes\myfirstcustomtheme\functions.php on line 79
[06-Feb-2025 03:02:05 UTC] PHP Parse error:  syntax error, unexpected token "while" in C:\Users\link_\Local Sites\winter-2025\app\public\wp-content\themes\myfirstcustomtheme\functions.php on line 79
[06-Feb-2025 03:02:05 UTC] PHP Parse error:  syntax error, unexpected token "while" in C:\Users\link_\Local Sites\winter-2025\app\public\wp-content\themes\myfirstcustomtheme\functions.php on line 79
[06-Feb-2025 03:03:02 UTC] PHP Parse error:  syntax error, unexpected token "while" in C:\Users\link_\Local Sites\winter-2025\app\public\wp-content\themes\myfirstcustomtheme\functions.php on line 79
[06-Feb-2025 03:04:02 UTC] PHP Parse error:  syntax error, unexpected token "while" in C:\Users\link_\Local Sites\winter-2025\app\public\wp-content\themes\myfirstcustomtheme\functions.php on line 79
[06-Feb-2025 03:05:02 UTC] PHP Parse error:  syntax error, unexpected token "while" in C:\Users\link_\Local Sites\winter-2025\app\public\wp-content\themes\myfirstcustomtheme\functions.php on line 79
[06-Feb-2025 03:05:10 UTC] PHP Parse error:  syntax error, unexpected token "while" in C:\Users\link_\Local Sites\winter-2025\app\public\wp-content\themes\myfirstcustomtheme\functions.php on line 79
[06-Feb-2025 03:05:11 UTC] PHP Parse error:  syntax error, unexpected token "while" in C:\Users\link_\Local Sites\winter-2025\app\public\wp-content\themes\myfirstcustomtheme\functions.php on line 79
[06-Feb-2025 03:05:11 UTC] PHP Parse error:  syntax error, unexpected token "while" in C:\Users\link_\Local Sites\winter-2025\app\public\wp-content\themes\myfirstcustomtheme\functions.php on line 79
[06-Feb-2025 03:09:20 UTC] PHP Parse error:  syntax error, unexpected token "while" in C:\Users\link_\Local Sites\winter-2025\app\public\wp-content\themes\myfirstcustomtheme\functions.php on line 79
[06-Feb-2025 03:09:20 UTC] PHP Parse error:  syntax error, unexpected token "while" in C:\Users\link_\Local Sites\winter-2025\app\public\wp-content\themes\myfirstcustomtheme\functions.php on line 79
[06-Feb-2025 03:09:21 UTC] PHP Parse error:  syntax error, unexpected token "while" in C:\Users\link_\Local Sites\winter-2025\app\public\wp-content\themes\myfirstcustomtheme\functions.php on line 79
[06-Feb-2025 03:09:21 UTC] PHP Parse error:  syntax error, unexpected token "while" in C:\Users\link_\Local Sites\winter-2025\app\public\wp-content\themes\myfirstcustomtheme\functions.php on line 79
[06-Feb-2025 03:09:30 UTC] PHP Parse error:  syntax error, unexpected token "while" in C:\Users\link_\Local Sites\winter-2025\app\public\wp-content\themes\myfirstcustomtheme\functions.php on line 79
[06-Feb-2025 03:09:30 UTC] PHP Parse error:  syntax error, unexpected token "while" in C:\Users\link_\Local Sites\winter-2025\app\public\wp-content\themes\myfirstcustomtheme\functions.php on line 79
[06-Feb-2025 03:43:59 UTC] PHP Warning:  Trying to access array offset on value of type bool in C:\Users\link_\Local Sites\winter-2025\app\public\wp-content\themes\myfirstcustomtheme\index.php on line 12
[06-Feb-2025 03:44:11 UTC] PHP Warning:  Trying to access array offset on value of type bool in C:\Users\link_\Local Sites\winter-2025\app\public\wp-content\themes\myfirstcustomtheme\index.php on line 12
[14-Feb-2025 02:30:59 UTC] PHP Warning:  Trying to access array offset on value of type bool in C:\Users\link_\Local Sites\winter-2025\app\public\wp-content\themes\assignmentone\index.php on line 11
[14-Feb-2025 02:31:08 UTC] PHP Warning:  Trying to access array offset on value of type bool in C:\Users\link_\Local Sites\winter-2025\app\public\wp-content\themes\assignmentone\index.php on line 11
[14-Feb-2025 02:31:13 UTC] PHP Warning:  Trying to access array offset on value of type bool in C:\Users\link_\Local Sites\winter-2025\app\public\wp-content\themes\assignmentone\index.php on line 11
[14-Feb-2025 02:31:14 UTC] PHP Warning:  Trying to access array offset on value of type bool in C:\Users\link_\Local Sites\winter-2025\app\public\wp-content\themes\assignmentone\index.php on line 11
[14-Feb-2025 04:10:57 UTC] PHP Parse error:  syntax error, unexpected token ")" in C:\Users\link_\Local Sites\winter-2025\app\public\wp-content\themes\assignmentone\functions.php on line 17
[14-Feb-2025 04:10:57 UTC] PHP Warning:  Trying to access array offset on value of type bool in C:\Users\link_\Local Sites\winter-2025\app\public\wp-includes\class-wp-recovery-mode-email-service.php on line 367
[14-Feb-2025 04:10:57 UTC] PHP Warning:  Trying to access array offset on value of type bool in C:\Users\link_\Local Sites\winter-2025\app\public\wp-includes\class-wp-recovery-mode-email-service.php on line 368
[14-Feb-2025 04:14:59 UTC] PHP Parse error:  syntax error, unexpected single-quoted string "before_title", expecting ")" in C:\Users\link_\Local Sites\winter-2025\app\public\wp-content\themes\assignmentone\functions.php on line 26
[14-Feb-2025 04:16:50 UTC] PHP Parse error:  syntax error, unexpected single-quoted string "before_title", expecting ")" in C:\Users\link_\Local Sites\winter-2025\app\public\wp-content\themes\assignmentone\functions.php on line 26
[14-Feb-2025 04:17:00 UTC] PHP Parse error:  syntax error, unexpected single-quoted string "before_title", expecting ")" in C:\Users\link_\Local Sites\winter-2025\app\public\wp-content\themes\assignmentone\functions.php on line 26
[14-Feb-2025 04:17:05 UTC] PHP Parse error:  syntax error, unexpected single-quoted string "before_title", expecting ")" in C:\Users\link_\Local Sites\winter-2025\app\public\wp-content\themes\assignmentone\functions.php on line 26
[14-Feb-2025 04:17:05 UTC] PHP Parse error:  syntax error, unexpected single-quoted string "before_title", expecting ")" in C:\Users\link_\Local Sites\winter-2025\app\public\wp-content\themes\assignmentone\functions.php on line 26
[14-Feb-2025 04:32:09 UTC] PHP Parse error:  syntax error, unexpected token "=", expecting ")" in C:\Users\link_\Local Sites\winter-2025\app\public\wp-content\themes\assignmentone\functions.php on line 56
[14-Feb-2025 04:34:10 UTC] PHP Parse error:  syntax error, unexpected token "=", expecting ")" in C:\Users\link_\Local Sites\winter-2025\app\public\wp-content\themes\assignmentone\functions.php on line 56
[14-Feb-2025 04:35:25 UTC] PHP Parse error:  syntax error, unexpected token "=", expecting ")" in C:\Users\link_\Local Sites\winter-2025\app\public\wp-content\themes\assignmentone\functions.php on line 56
[14-Feb-2025 04:35:27 UTC] PHP Parse error:  syntax error, unexpected token "=", expecting ")" in C:\Users\link_\Local Sites\winter-2025\app\public\wp-content\themes\assignmentone\functions.php on line 56
[14-Feb-2025 04:35:27 UTC] PHP Parse error:  syntax error, unexpected token "=", expecting ")" in C:\Users\link_\Local Sites\winter-2025\app\public\wp-content\themes\assignmentone\functions.php on line 56
[14-Feb-2025 05:09:36 UTC] PHP Parse error:  syntax error, unexpected token "}" in C:\Users\link_\Local Sites\winter-2025\app\public\wp-content\themes\assignmentone\functions.php on line 77
[14-Feb-2025 05:11:36 UTC] PHP Parse error:  syntax error, unexpected token ")", expecting variable or "{" or "$" in C:\Users\link_\Local Sites\winter-2025\app\public\wp-content\themes\assignmentone\functions.php on line 77
[14-Feb-2025 05:13:37 UTC] PHP Parse error:  Unclosed '{' on line 75 in C:\Users\link_\Local Sites\winter-2025\app\public\wp-content\themes\assignmentone\functions.php on line 81
[14-Feb-2025 05:15:38 UTC] PHP Parse error:  Unclosed '{' on line 75 in C:\Users\link_\Local Sites\winter-2025\app\public\wp-content\themes\assignmentone\functions.php on line 88
[14-Feb-2025 05:17:38 UTC] PHP Parse error:  syntax error, unexpected token "}" in C:\Users\link_\Local Sites\winter-2025\app\public\wp-content\themes\assignmentone\functions.php on line 90
[14-Feb-2025 21:33:11 UTC] PHP Warning:  Attempt to read property "ID" on null in C:\Users\link_\Local Sites\winter-2025\app\public\wp-content\themes\assignmentone\index.php on line 8
[14-Feb-2025 21:33:11 UTC] PHP Warning:  Trying to access array offset on value of type bool in C:\Users\link_\Local Sites\winter-2025\app\public\wp-content\themes\assignmentone\index.php on line 11
[14-Feb-2025 21:33:37 UTC] PHP Warning:  Attempt to read property "ID" on null in C:\Users\link_\Local Sites\winter-2025\app\public\wp-content\themes\assignmentone\index.php on line 8
[14-Feb-2025 21:33:37 UTC] PHP Warning:  Trying to access array offset on value of type bool in C:\Users\link_\Local Sites\winter-2025\app\public\wp-content\themes\assignmentone\index.php on line 11
[14-Feb-2025 21:33:38 UTC] PHP Warning:  Attempt to read property "ID" on null in C:\Users\link_\Local Sites\winter-2025\app\public\wp-content\themes\assignmentone\index.php on line 8
[14-Feb-2025 21:33:38 UTC] PHP Warning:  Trying to access array offset on value of type bool in C:\Users\link_\Local Sites\winter-2025\app\public\wp-content\themes\assignmentone\index.php on line 11
